# JRE version: OpenJDK Runtime Environment (8.0_272-b10) (build 1.8.0_272-8u272-b10-0ubuntu1~18.04-b10)
# Java VM: OpenJDK 64-Bit Server VM (25.272-b10 mixed mode linux-amd64 compressed oops)
Heap:
 PSYoungGen      total 9728K, used 1044K [0x00000000eab00000, 0x00000000eb580000, 0x0000000100000000)
  eden space 8704K, 12% used [0x00000000eab00000,0x00000000eac053b0,0x00000000eb380000)
  from space 1024K, 0% used [0x00000000eb380000,0x00000000eb380000,0x00000000eb480000)
  to   space 1024K, 0% used [0x00000000eb480000,0x00000000eb480000,0x00000000eb580000)
 ParOldGen       total 22016K, used 685K [0x00000000c0000000, 0x00000000c1580000, 0x00000000eab00000)
  object space 22016K, 3% used [0x00000000c0000000,0x00000000c00ab740,0x00000000c1580000)
 Metaspace       used 3759K, capacity 4700K, committed 4864K, reserved 1056768K
  class space    used 417K, capacity 464K, committed 512K, reserved 1048576K
GC Heap History (4 events):
Event: 0.338 GC heap before
{Heap before GC invocations=1 (full 0):
 PSYoungGen      total 9728K, used 2620K [0x00000000eab00000, 0x00000000eb580000, 0x0000000100000000)
  eden space 8704K, 30% used [0x00000000eab00000,0x00000000ead8f238,0x00000000eb380000)
  from space 1024K, 0% used [0x00000000eb480000,0x00000000eb480000,0x00000000eb580000)
  to   space 1024K, 0% used [0x00000000eb380000,0x00000000eb380000,0x00000000eb480000)
 ParOldGen       total 22016K, used 0K [0x00000000c0000000, 0x00000000c1580000, 0x00000000eab00000)
  object space 22016K, 0% used [0x00000000c0000000,0x00000000c0000000,0x00000000c1580000)
 Metaspace       used 3710K, capacity 4700K, committed 4864K, reserved 1056768K
  class space    used 409K, capacity 464K, committed 512K, reserved 1048576K
Event: 0.343 GC heap after
Heap after GC invocations=1 (full 0):
 PSYoungGen      total 9728K, used 736K [0x00000000eab00000, 0x00000000eb580000, 0x0000000100000000)
  eden space 8704K, 0% used [0x00000000eab00000,0x00000000eab00000,0x00000000eb380000)
  from space 1024K, 71% used [0x00000000eb380000,0x00000000eb438020,0x00000000eb480000)
  to   space 1024K, 0% used [0x00000000eb480000,0x00000000eb480000,0x00000000eb580000)
 ParOldGen       total 22016K, used 8K [0x00000000c0000000, 0x00000000c1580000, 0x00000000eab00000)
  object space 22016K, 0% used [0x00000000c0000000,0x00000000c0002000,0x00000000c1580000)
 Metaspace       used 3710K, capacity 4700K, committed 4864K, reserved 1056768K
  class space    used 409K, capacity 464K, committed 512K, reserved 1048576K
}
Event: 0.343 GC heap before
{Heap before GC invocations=2 (full 1):
 PSYoungGen      total 9728K, used 736K [0x00000000eab00000, 0x00000000eb580000, 0x0000000100000000)
  eden space 8704K, 0% used [0x00000000eab00000,0x00000000eab00000,0x00000000eb380000)
  from space 1024K, 71% used [0x00000000eb380000,0x00000000eb438020,0x00000000eb480000)
  to   space 1024K, 0% used [0x00000000eb480000,0x00000000eb480000,0x00000000eb580000)
 ParOldGen       total 22016K, used 8K [0x00000000c0000000, 0x00000000c1580000, 0x00000000eab00000)
  object space 22016K, 0% used [0x00000000c0000000,0x00000000c0002000,0x00000000c1580000)
 Metaspace       used 3710K, capacity 4700K, committed 4864K, reserved 1056768K
  class space    used 409K, capacity 464K, committed 512K, reserved 1048576K
Event: 0.356 GC heap after
Heap after GC invocations=2 (full 1):
 PSYoungGen      total 9728K, used 0K [0x00000000eab00000, 0x00000000eb580000, 0x0000000100000000)
  eden space 8704K, 0% used [0x00000000eab00000,0x00000000eab00000,0x00000000eb380000)
  from space 1024K, 0% used [0x00000000eb380000,0x00000000eb380000,0x00000000eb480000)
  to   space 1024K, 0% used [0x00000000eb480000,0x00000000eb480000,0x00000000eb580000)
 ParOldGen       total 22016K, used 685K [0x00000000c0000000, 0x00000000c1580000, 0x00000000eab00000)
  object space 22016K, 3% used [0x00000000c0000000,0x00000000c00ab740,0x00000000c1580000)
 Metaspace       used 3710K, capacity 4700K, committed 4864K, reserved 1056768K
  class space    used 409K, capacity 464K, committed 512K, reserved 1048576K
}

